<?xml version="1.0" encoding="UTF-8"?>
<!-- Generated by org.testng.reporters.JUnitReportReporter -->
<testsuite skipped="0" hostname="CLASS01" name="com.softserve.edu.reg.AppTest" tests="1" failures="0" timestamp="1 Nov 2016 17:57:00 GMT" time="0.010" errors="0">
  <testcase name="testApp" time="0.010" classname="com.softserve.edu.reg.AppTest"/>
</testsuite> <!-- com.softserve.edu.reg.AppTest -->
